소스.obj : error LNK2019: "void __cdecl cv::fastFree(void *)" (?fastFree@cv@@YAXPAX@Z)"public: __thiscall cv::Mat::~Mat(void)" (??1Mat@cv@@QAE@XZ) 함수에서 참조되는 확인할 수 없는 외부 기호
소스.obj : error LNK2019: "class cv::debug_build_guard::_InputOutputArray const & __cdecl cv::noArray(void)" (?noArray@cv@@YAABV_InputOutputArray@debug_build_guard@1@XZ)"void __cdecl getContours(class cv::Mat)" (?getContours@@YAXVMat@cv@@@Z) 함수에서 참조되는 확인할 수 없는 외부 기호
소스.obj : error LNK2019: "public: void __thiscall cv::Mat::deallocate(void)" (?deallocate@Mat@cv@@QAEXXZ)"public: void __thiscall cv::Mat::release(void)" (?release@Mat@cv@@QAEXXZ) 함수에서 참조되는 확인할 수 없는 외부 기호
소스.obj : error LNK2019: "public: void __thiscall cv::Mat::copySize(class cv::Mat const &)" (?copySize@Mat@cv@@QAEXABV12@@Z)"public: __thiscall cv::Mat::Mat(class cv::Mat const &)" (??0Mat@cv@@QAE@ABV01@@Z) 함수에서 참조되는 확인할 수 없는 외부 기호
소스.obj : error LNK2019: "void __cdecl cv::inRange(class cv::debug_build_guard::_InputArray const &,class cv::debug_build_guard::_InputArray const &,class cv::debug_build_guard::_InputArray const &,class cv::debug_build_guard::_OutputArray const &)" (?inRange@cv@@YAXABV_InputArray@debug_build_guard@1@00ABV_OutputArray@31@@Z)"void __cdecl findColor(class cv::Mat)" (?findColor@@YAXVMat@cv@@@Z) 함수에서 참조되는 확인할 수 없는 외부 기호
소스.obj : error LNK2019: "public: __thiscall cv::VideoCapture::VideoCapture(int,int)" (??0VideoCapture@cv@@QAE@HH@Z)_main 함수에서 참조되는 확인할 수 없는 외부 기호
소스.obj : error LNK2019: "public: virtual __thiscall cv::VideoCapture::~VideoCapture(void)" (??1VideoCapture@cv@@UAE@XZ)_main 함수에서 참조되는 확인할 수 없는 외부 기호
소스.obj : error LNK2019: "public: virtual bool __thiscall cv::VideoCapture::read(class cv::debug_build_guard::_OutputArray const &)" (?read@VideoCapture@cv@@UAE_NABV_OutputArray@debug_build_guard@2@@Z)_main 함수에서 참조되는 확인할 수 없는 외부 기호
소스.obj : error LNK2019: "int __cdecl cv::waitKey(int)" (?waitKey@cv@@YAHH@Z)_main 함수에서 참조되는 확인할 수 없는 외부 기호
소스.obj : error LNK2019: "void __cdecl cv::imshow(class std::basic_string<char,struct std::char_traits<char>,class std::allocator<char> > const &,class cv::debug_build_guard::_InputArray const &)" (?imshow@cv@@YAXABV?$basic_string@DU?$char_traits@D@std@@V?$allocator@D@2@@std@@ABV_InputArray@debug_build_guard@1@@Z)_main 함수에서 참조되는 확인할 수 없는 외부 기호
소스.obj : error LNK2019: "void __cdecl cv::cvtColor(class cv::debug_build_guard::_InputArray const &,class cv::debug_build_guard::_OutputArray const &,int,int)" (?cvtColor@cv@@YAXABV_InputArray@debug_build_guard@1@ABV_OutputArray@31@HH@Z)"void __cdecl findColor(class cv::Mat)" (?findColor@@YAXVMat@cv@@@Z) 함수에서 참조되는 확인할 수 없는 외부 기호
소스.obj : error LNK2019: "void __cdecl cv::findContours(class cv::debug_build_guard::_InputArray const &,class cv::debug_build_guard::_OutputArray const &,class cv::debug_build_guard::_OutputArray const &,int,int,class cv::Point_<int>)" (?findContours@cv@@YAXABV_InputArray@debug_build_guard@1@ABV_OutputArray@31@1HHV?$Point_@H@1@@Z)"void __cdecl getContours(class cv::Mat)" (?getContours@@YAXVMat@cv@@@Z) 함수에서 참조되는 확인할 수 없는 외부 기호
소스.obj : error LNK2019: "void __cdecl cv::approxPolyDP(class cv::debug_build_guard::_InputArray const &,class cv::debug_build_guard::_OutputArray const &,double,bool)" (?approxPolyDP@cv@@YAXABV_InputArray@debug_build_guard@1@ABV_OutputArray@31@N_N@Z)"void __cdecl getContours(class cv::Mat)" (?getContours@@YAXVMat@cv@@@Z) 함수에서 참조되는 확인할 수 없는 외부 기호
소스.obj : error LNK2019: "double __cdecl cv::arcLength(class cv::debug_build_guard::_InputArray const &,bool)" (?arcLength@cv@@YANABV_InputArray@debug_build_guard@1@_N@Z)"void __cdecl getContours(class cv::Mat)" (?getContours@@YAXVMat@cv@@@Z) 함수에서 참조되는 확인할 수 없는 외부 기호
소스.obj : error LNK2019: "class cv::Rect_<int> __cdecl cv::boundingRect(class cv::debug_build_guard::_InputArray const &)" (?boundingRect@cv@@YA?AV?$Rect_@H@1@ABV_InputArray@debug_build_guard@1@@Z)"void __cdecl getContours(class cv::Mat)" (?getContours@@YAXVMat@cv@@@Z) 함수에서 참조되는 확인할 수 없는 외부 기호
소스.obj : error LNK2019: "double __cdecl cv::contourArea(class cv::debug_build_guard::_InputArray const &,bool)" (?contourArea@cv@@YANABV_InputArray@debug_build_guard@1@_N@Z)"void __cdecl getContours(class cv::Mat)" (?getContours@@YAXVMat@cv@@@Z) 함수에서 참조되는 확인할 수 없는 외부 기호
소스.obj : error LNK2019: "void __cdecl cv::line(class cv::debug_build_guard::_InputOutputArray const &,class cv::Point_<int>,class cv::Point_<int>,class cv::Scalar_<double> const &,int,int,int)" (?line@cv@@YAXABV_InputOutputArray@debug_build_guard@1@V?$Point_@H@1@1ABV?$Scalar_@N@1@HHH@Z)"void __cdecl getContours(class cv::Mat)" (?getContours@@YAXVMat@cv@@@Z) 함수에서 참조되는 확인할 수 없는 외부 기호
소스.obj : error LNK2019: "void __cdecl cv::rectangle(class cv::debug_build_guard::_InputOutputArray const &,class cv::Point_<int>,class cv::Point_<int>,class cv::Scalar_<double> const &,int,int,int)" (?rectangle@cv@@YAXABV_InputOutputArray@debug_build_guard@1@V?$Point_@H@1@1ABV?$Scalar_@N@1@HHH@Z)"void __cdecl getContours(class cv::Mat)" (?getContours@@YAXVMat@cv@@@Z) 함수에서 참조되는 확인할 수 없는 외부 기호
소스.obj : error LNK2019: "void __cdecl cv::drawContours(class cv::debug_build_guard::_InputOutputArray const &,class cv::debug_build_guard::_InputArray const &,int,class cv::Scalar_<double> const &,int,int,class cv::debug_build_guard::_InputArray const &,int,class cv::Point_<int>)" (?drawContours@cv@@YAXABV_InputOutputArray@debug_build_guard@1@ABV_InputArray@31@HABV?$Scalar_@N@1@HH1HV?$Point_@H@1@@Z)"void __cdecl getContours(class cv::Mat)" (?getContours@@YAXVMat@cv@@@Z) 함수에서 참조되는 확인할 수 없는 외부 기호
D:\opencv\build\x64\vc15\lib\opencv_world411d.lib : warning LNK4272: 'x64' 라이브러리 컴퓨터 종류가 'x86' 대상 컴퓨터 종류와 충돌합니다.
C:\Users\KCCI01\source\repos\opencv-1\Debug\opencv-1.exe : fatal error LNK1120: 19개의 확인할 수 없는 외부 참조입니다.
