** Message: 04:17:15.194: environement.vala:58: Exporting primary_variable
** Message: 04:17:15.194: environement.vala:59: desktop_environnement XDG_CURRENT_DESKTOP
** Message: 04:17:15.195: environement.vala:150: confir_dirs is null, export : /etc/xdg
** Message: 04:17:15.195: environement.vala:184: Exporting XDG_CONFIG_DIRS
** Message: 04:17:15.195: environement.vala:218: custom_data :
** Message: 04:17:15.195: environement.vala:219: data_dirs :/usr/share/fkms:/usr/local/share:/usr/share/raspi-ui-overrides:/usr/share:/usr/share/gdm:/var/lib/menu-xdg
** Message: 04:17:15.195: environement.vala:220: data_dirs not null, export : /usr/share/fkms:/usr/local/share:/usr/share/raspi-ui-overrides:/usr/share:/usr/share/gdm:/var/lib/menu-xdg
** Message: 04:17:15.195: environement.vala:225: Exporting XDG_DATA_DIRS
** Message: 04:17:15.196: utils.vala:138: Config system location : /etc/xdg/lxsession/LXDE-pi
** Message: 04:17:15.197: utils.vala:144: System system path location : /etc/xdg/lxsession/LXDE-pi/desktop.conf
** Message: 04:17:15.198: utils.vala:148: Final file used : /etc/xdg/lxsession/LXDE-pi/desktop.conf
** Message: 04:17:15.198: utils.vala:39: Config system location : /etc/xdg/lxsession/LXDE-pi
** Message: 04:17:15.198: utils.vala:45: System system path location : /etc/xdg/lxsession/LXDE-pi/desktop.conf

** (lxsession:653): WARNING **: 04:17:15.206: utils.vala:70: No such file or directory
** Message: 04:17:15.206: settings.vala:540: Key file does not have key “iGtk/ColorScheme” in group “GTK”
** Message: 04:17:15.207: settings.vala:540: Key file does not have key “windows_manager/command” in group “Session”
** Message: 04:17:15.207: settings.vala:540: Key file does not have key “panel/command” in group “Session”
** Message: 04:17:15.207: settings.vala:540: Key file does not have key “dock/command” in group “Session”
** Message: 04:17:15.207: settings.vala:540: Key file does not have key “file_manager/command” in group “Session”
** Message: 04:17:15.207: settings.vala:540: Key file does not have key “desktop_manager/command” in group “Session”
** Message: 04:17:15.207: settings.vala:540: Key file does not have key “launcher_manager/autostart” in group “Session”
** Message: 04:17:15.207: settings.vala:540: Key file does not have key “composite_manager/command” in group “Session”
** Message: 04:17:15.207: settings.vala:540: Key file does not have key “im1/command” in group “Session”
** Message: 04:17:15.207: settings.vala:540: Key file does not have key “im2/command” in group “Session”
** Message: 04:17:15.208: settings.vala:540: Key file does not have key “widget1/command” in group “Session”
** Message: 04:17:15.208: settings.vala:540: Key file does not have key “notification/command” in group “Session”
** Message: 04:17:15.208: settings.vala:540: Key file does not have key “keybindings/command” in group “Session”
** Message: 04:17:15.208: settings.vala:540: Key file does not have key “im_manager/command” in group “Session”
** Message: 04:17:15.208: settings.vala:540: Key file does not have key “screensaver/command” in group “Session”
** Message: 04:17:15.208: settings.vala:540: Key file does not have key “power_manager/command” in group “Session”
** Message: 04:17:15.208: settings.vala:540: Key file does not have key “audio_manager/command” in group “Session”
** Message: 04:17:15.208: settings.vala:540: Key file does not have key “workspace_manager/command” in group “Session”
** Message: 04:17:15.208: settings.vala:540: Key file does not have key “screenshot_manager/command” in group “Session”
** Message: 04:17:15.208: settings.vala:540: Key file does not have key “message_manager/command” in group “Session”
** Message: 04:17:15.208: settings.vala:540: Key file does not have key “upgrade_manager/command” in group “Session”
** Message: 04:17:15.208: settings.vala:540: Key file does not have key “updates_manager/command” in group “Session”
** Message: 04:17:15.208: settings.vala:540: Key file does not have key “updates_manager/timeout” in group “Session”
** Message: 04:17:15.209: settings.vala:540: Key file does not have key “crash_manager/command” in group “Session”
** Message: 04:17:15.209: settings.vala:540: Key file does not have key “crash_manager/dev_mode” in group “Session”
** Message: 04:17:15.209: settings.vala:540: Key file does not have key “crash_manager/timeout” in group “Session”
** Message: 04:17:15.209: settings.vala:540: Key file does not have key “upstart_user_session” in group “Session”
** Message: 04:17:15.209: settings.vala:540: Key file does not have key “proxy_manager/http” in group “Session”
** Message: 04:17:15.209: settings.vala:540: Key file does not have key “a11y/command” in group “Session”
** Message: 04:17:15.209: settings.vala:540: Key file does not have key “xrandr/command” in group “Session”
** Message: 04:17:15.209: settings.vala:540: Key file does not have key “network_gui/command” in group “Session”
** Message: 04:17:15.209: settings.vala:540: Key file does not have key “webbrowser/command” in group “Session”
** Message: 04:17:15.209: settings.vala:540: Key file does not have key “email/command” in group “Session”
** Message: 04:17:15.209: settings.vala:540: Key file does not have key “pdf_reader/command” in group “Session”
** Message: 04:17:15.210: settings.vala:540: Key file does not have key “video_player/command” in group “Session”
** Message: 04:17:15.210: settings.vala:540: Key file does not have key “audio_player/command” in group “Session”
** Message: 04:17:15.210: settings.vala:540: Key file does not have key “image_display/command” in group “Session”
** Message: 04:17:15.210: settings.vala:540: Key file does not have key “text_editor/command” in group “Session”
** Message: 04:17:15.210: settings.vala:540: Key file does not have key “archive/command” in group “Session”
** Message: 04:17:15.210: settings.vala:540: Key file does not have key “charmap/command” in group “Session”
** Message: 04:17:15.210: settings.vala:540: Key file does not have key “calculator/command” in group “Session”
** Message: 04:17:15.210: settings.vala:540: Key file does not have key “spreadsheet/command” in group “Session”
** Message: 04:17:15.210: settings.vala:540: Key file does not have key “bittorent/command” in group “Session”
** Message: 04:17:15.210: settings.vala:540: Key file does not have key “document/command” in group “Session”
** Message: 04:17:15.210: settings.vala:540: Key file does not have key “webcam/command” in group “Session”
** Message: 04:17:15.210: settings.vala:540: Key file does not have key “burn/command” in group “Session”
** Message: 04:17:15.210: settings.vala:540: Key file does not have key “notes/command” in group “Session”
** Message: 04:17:15.210: settings.vala:540: Key file does not have key “disk_utility/command” in group “Session”
** Message: 04:17:15.211: settings.vala:540: Key file does not have key “tasks/command” in group “Session”
** Message: 04:17:15.211: settings.vala:540: Key file does not have group “Keymap”
** Message: 04:17:15.211: settings.vala:540: Key file does not have key “laptop_mode” in group “State”
** Message: 04:17:15.211: settings.vala:540: Key file does not have key “gnome” in group “Dbus”
** Message: 04:17:15.211: settings.vala:540: Key file does not have key “type” in group “Environment”
** Message: 04:17:15.211: settings.vala:540: Key file does not have key “ubuntu_menuproxy” in group “Environment”
** Message: 04:17:15.211: settings.vala:540: Key file does not have key “toolkit_integration” in group “Environment”
** Message: 04:17:15.211: settings.vala:540: Key file does not have key “gtk/overlay_scrollbar_disable” in group “Environment”
** Message: 04:17:15.211: settings.vala:540: Key file does not have key “qt/force_theme” in group “Environment”
** Message: 04:17:15.212: settings.vala:540: Key file does not have key “qt/platform” in group “Environment”
** Message: 04:17:15.213: settings.vala:462: Monitoring: /etc/xdg/lxsession/LXDE-pi/desktop.conf
** Message: 04:17:15.213: settings.vala:470: Desktop file is not in config home, monitoring creation of it
** Message: 04:17:15.213: settings.vala:485: Monitoring home path: /home/jjs_pi/.config/lxsession/LXDE-pi/desktop.conf
** Message: 04:17:15.214: environement.vala:79: Exporting variable
** Message: 04:17:15.214: environement.vala:80: desktop_environnement XDG_CURRENT_DESKTOP
** Message: 04:17:15.214: environement.vala:177: custom_config :
** Message: 04:17:15.214: environement.vala:178: config_dirs :/etc/xdg
** Message: 04:17:15.214: environement.vala:179: confir_dirs not null, export : /etc/xdg
** Message: 04:17:15.214: environement.vala:184: Exporting XDG_CONFIG_DIRS
** Message: 04:17:15.214: environement.vala:218: custom_data :
** Message: 04:17:15.214: environement.vala:219: data_dirs :/usr/share/fkms:/usr/local/share:/usr/share/raspi-ui-overrides:/usr/share:/usr/share/gdm:/var/lib/menu-xdg
** Message: 04:17:15.214: environement.vala:220: data_dirs not null, export : /usr/share/fkms:/usr/local/share:/usr/share/raspi-ui-overrides:/usr/share:/usr/share/gdm:/var/lib/menu-xdg
** Message: 04:17:15.214: environement.vala:225: Exporting XDG_DATA_DIRS
** Message: 04:17:15.215: utils.vala:39: Config system location : /etc/xdg/lxsession/LXDE-pi
** Message: 04:17:15.215: utils.vala:45: System system path location : /etc/xdg/lxsession/LXDE-pi/desktop.conf

** (lxsession:653): WARNING **: 04:17:15.216: utils.vala:70: No such file or directory
** Message: 04:17:15.217: environement.vala:254: No entry in [Environment_variable]. Key file does not have group “Environment_variable”

** (lxsession:653): WARNING **: 04:17:15.229: process.vala:49: Failed to execute child process “xprop” (No such file or directory)

** (lxsession:653): WARNING **: 04:17:15.230: process.vala:50: Error when launching xprop
** Message: 04:17:15.230: utils.vala:138: Config system location : /etc/xdg/lxsession/LXDE-pi
** Message: 04:17:15.230: utils.vala:144: System system path location : /etc/xdg/lxsession/LXDE-pi/conffiles.conf
** Message: 04:17:15.230: utils.vala:148: Final file used : /etc/xdg/lxsession/LXDE-pi/conffiles.conf
** Message: 04:17:15.230: options.vala:164: Activate xsettings_manager build-in
** Message: 04:17:15.230: utils.vala:39: Config system location : /etc/xdg/lxsession/LXDE-pi
** Message: 04:17:15.230: utils.vala:45: System system path location : /etc/xdg/lxsession/LXDE-pi/desktop.conf

** (lxsession:653): WARNING **: 04:17:15.231: utils.vala:70: No such file or directory
** Message: 04:17:15.276: app.vala:728: polkit separate
** Message: 04:17:15.276: app.vala:728: polkit separate
** Message: 04:17:15.288: app.vala:76: Launching lxpolkit 
** Message: 04:17:15.288: utils.vala:138: Config system location : /etc/xdg/lxsession/LXDE-pi
** Message: 04:17:15.288: utils.vala:144: System system path location : /etc/xdg/lxsession/LXDE-pi/autostart
** Message: 04:17:15.288: utils.vala:148: Final file used : /etc/xdg/lxsession/LXDE-pi/autostart
** Message: 04:17:15.288: autostart.vala:42: Autostart path : /etc/xdg/lxsession/LXDE-pi/autostart
** Message: 04:17:15.323: app.vala:76: Launching lxpanel 
** Message: 04:17:15.355: app.vala:76: Launching pcmanfm 

** (lxsession:653): WARNING **: 04:17:15.362: app.vala:86: Failed to execute child process “xscreensaver” (No such file or directory)

** (lxsession:653): WARNING **: 04:17:15.363: app.vala:87: Error when launching xscreensaver
** Message: 04:17:15.376: options.vala:107: Create build-in Clipboard
** Message: 04:17:15.380: main.vala:450: Check keymap_mode (null)
** Message: 04:17:15.396: app.vala:76: Launching /usr/bin/ssh-agent 
SSH_AUTH_SOCK=/tmp/ssh-ROlgR8CIsfxh/agent.829; export SSH_AUTH_SOCK;
SSH_AGENT_PID=841; export SSH_AGENT_PID;
echo Agent pid 841;
** Message: 04:17:15.947: app.vala:130: /usr/bin/ssh-agent exit with this type of exit: 0
Openbox-Message: Unable to find a valid menu file "/usr/share/lxde/openbox/menu.xml"
** Message: 04:17:17.007: x-terminal-emulator has very limited support, consider choosing another terminal
** Message: 04:17:17.294: x-terminal-emulator has very limited support, consider choosing another terminal
grep: /home/jjs_pi/.config/lxpanel/LXDE-pi/panels/*: No such file or directory
** Message: 04:17:19.253: Connecting ...
** Message: 04:17:19.254: Status changed to down

** (lxpanel:813): CRITICAL **: 04:17:19.254: dhcpcd_open: Inappropriate ioctl for device
Unit pt-device-manager.service could not be found.
Unit pi-topd.service could not be found.

** (lxpanel:813): WARNING **: 04:17:19.461: Battery 0 not found
** Message: 04:17:19.825: up: Checking for updates
** Message: 04:17:20.255: Status changed to opened
** Message: 04:17:20.255: Connected to dhcpcd-8.1.2
** Message: 04:17:20.256: Status changed to connected
** Message: 04:17:20.256: eth0: CARRIER
** Message: 04:17:20.256: eth0: Configured 10.10.141.249/24
** Message: 04:17:20.256: wlan0: Not associated
** Message: 04:17:20.258: wlan0: WPA status connected
** Message: 04:26:12.477: up: Cache updated - comparing versions
** Message: 04:26:31.953: up: Check complete - 163 updates available
/usr/share/system-config-printer/applet.py:364: Warning: Source ID 11 was not found when attempting to remove it
  GLib.source_remove (self.timer)
/usr/share/system-config-printer/applet.py:364: Warning: Source ID 12 was not found when attempting to remove it
  GLib.source_remove (self.timer)
